# JRE version: OpenJDK Runtime Environment (11.0.8+10) (build 11.0.8+10-post-Ubuntu-0ubuntu118.04.1)
# Java VM: OpenJDK 64-Bit Server VM (11.0.8+10-post-Ubuntu-0ubuntu118.04.1, mixed mode, sharing, tiered, compressed oops, parallel gc, linux-amd64)
Heap:
 PSYoungGen      total 9728K, used 2559K [0x00000000eab00000, 0x00000000ebe00000, 0x0000000100000000)
  eden space 7680K, 6% used [0x00000000eab00000,0x00000000eab84de8,0x00000000eb280000)
  from space 2048K, 99% used [0x00000000eb700000,0x00000000eb8faf30,0x00000000eb900000)
  to   space 4608K, 0% used [0x00000000eb280000,0x00000000eb280000,0x00000000eb700000)
 ParOldGen       total 109056K, used 96592K [0x00000000c0000000, 0x00000000c6a80000, 0x00000000eab00000)
  object space 109056K, 88% used [0x00000000c0000000,0x00000000c5e54070,0x00000000c6a80000)
 Metaspace       used 71043K, capacity 74612K, committed 74904K, reserved 1116160K
  class space    used 6853K, capacity 8151K, committed 8192K, reserved 1048576K
GC Heap History (20 events):
Event: 4630.290 GC heap before
{Heap before GC invocations=462 (full 10):
 PSYoungGen      total 11264K, used 10912K [0x00000000eab00000, 0x00000000eb700000, 0x0000000100000000)
  eden space 10752K, 100% used [0x00000000eab00000,0x00000000eb580000,0x00000000eb580000)
  from space 512K, 31% used [0x00000000eb680000,0x00000000eb6a8000,0x00000000eb700000)
  to   space 512K, 0% used [0x00000000eb600000,0x00000000eb600000,0x00000000eb680000)
 ParOldGen       total 109056K, used 91208K [0x00000000c0000000, 0x00000000c6a80000, 0x00000000eab00000)
  object space 109056K, 83% used [0x00000000c0000000,0x00000000c59122c0,0x00000000c6a80000)
 Metaspace       used 70940K, capacity 74547K, committed 74904K, reserved 1116160K
  class space    used 6852K, capacity 8151K, committed 8192K, reserved 1048576K
}
Event: 4630.294 GC heap after
{Heap after GC invocations=462 (full 10):
 PSYoungGen      total 11264K, used 320K [0x00000000eab00000, 0x00000000eb700000, 0x0000000100000000)
  eden space 10752K, 0% used [0x00000000eab00000,0x00000000eab00000,0x00000000eb580000)
  from space 512K, 62% used [0x00000000eb600000,0x00000000eb650020,0x00000000eb680000)
  to   space 512K, 0% used [0x00000000eb680000,0x00000000eb680000,0x00000000eb700000)
 ParOldGen       total 109056K, used 91208K [0x00000000c0000000, 0x00000000c6a80000, 0x00000000eab00000)
  object space 109056K, 83% used [0x00000000c0000000,0x00000000c59122c0,0x00000000c6a80000)
 Metaspace       used 70940K, capacity 74547K, committed 74904K, reserved 1116160K
  class space    used 6852K, capacity 8151K, committed 8192K, reserved 1048576K
}
Event: 4630.826 GC heap before
{Heap before GC invocations=463 (full 10):
 PSYoungGen      total 11264K, used 11072K [0x00000000eab00000, 0x00000000eb700000, 0x0000000100000000)
  eden space 10752K, 100% used [0x00000000eab00000,0x00000000eb580000,0x00000000eb580000)
  from space 512K, 62% used [0x00000000eb600000,0x00000000eb650020,0x00000000eb680000)
  to   space 512K, 0% used [0x00000000eb680000,0x00000000eb680000,0x00000000eb700000)
 ParOldGen       total 109056K, used 91208K [0x00000000c0000000, 0x00000000c6a80000, 0x00000000eab00000)
  object space 109056K, 83% used [0x00000000c0000000,0x00000000c59122c0,0x00000000c6a80000)
 Metaspace       used 70951K, capacity 74547K, committed 74904K, reserved 1116160K
  class space    used 6852K, capacity 8151K, committed 8192K, reserved 1048576K
}
Event: 4630.831 GC heap after
{Heap after GC invocations=463 (full 10):
 PSYoungGen      total 10752K, used 482K [0x00000000eab00000, 0x00000000eb880000, 0x0000000100000000)
  eden space 10240K, 0% used [0x00000000eab00000,0x00000000eab00000,0x00000000eb500000)
  from space 512K, 94% used [0x00000000eb680000,0x00000000eb6f89b8,0x00000000eb700000)
  to   space 1536K, 0% used [0x00000000eb500000,0x00000000eb500000,0x00000000eb680000)
 ParOldGen       total 109056K, used 91654K [0x00000000c0000000, 0x00000000c6a80000, 0x00000000eab00000)
  object space 109056K, 84% used [0x00000000c0000000,0x00000000c5981a30,0x00000000c6a80000)
 Metaspace       used 70951K, capacity 74547K, committed 74904K, reserved 1116160K
  class space    used 6852K, capacity 8151K, committed 8192K, reserved 1048576K
}
Event: 4632.362 GC heap before
{Heap before GC invocations=464 (full 10):
 PSYoungGen      total 10752K, used 10722K [0x00000000eab00000, 0x00000000eb880000, 0x0000000100000000)
  eden space 10240K, 100% used [0x00000000eab00000,0x00000000eb500000,0x00000000eb500000)
  from space 512K, 94% used [0x00000000eb680000,0x00000000eb6f89b8,0x00000000eb700000)
  to   space 1536K, 0% used [0x00000000eb500000,0x00000000eb500000,0x00000000eb680000)
 ParOldGen       total 109056K, used 91654K [0x00000000c0000000, 0x00000000c6a80000, 0x00000000eab00000)
  object space 109056K, 84% used [0x00000000c0000000,0x00000000c5981a30,0x00000000c6a80000)
 Metaspace       used 70956K, capacity 74547K, committed 74904K, reserved 1116160K
  class space    used 6852K, capacity 8151K, committed 8192K, reserved 1048576K
}
Event: 4632.367 GC heap after
{Heap after GC invocations=464 (full 10):
 PSYoungGen      total 11264K, used 948K [0x00000000eab00000, 0x00000000eb700000, 0x0000000100000000)
  eden space 10240K, 0% used [0x00000000eab00000,0x00000000eab00000,0x00000000eb500000)
  from space 1024K, 92% used [0x00000000eb500000,0x00000000eb5ed200,0x00000000eb600000)
  to   space 1024K, 0% used [0x00000000eb600000,0x00000000eb600000,0x00000000eb700000)
 ParOldGen       total 109056K, used 92116K [0x00000000c0000000, 0x00000000c6a80000, 0x00000000eab00000)
  object space 109056K, 84% used [0x00000000c0000000,0x00000000c59f50d0,0x00000000c6a80000)
 Metaspace       used 70956K, capacity 74547K, committed 74904K, reserved 1116160K
  class space    used 6852K, capacity 8151K, committed 8192K, reserved 1048576K
}
Event: 4655.343 GC heap before
{Heap before GC invocations=465 (full 10):
 PSYoungGen      total 11264K, used 11188K [0x00000000eab00000, 0x00000000eb700000, 0x0000000100000000)
  eden space 10240K, 100% used [0x00000000eab00000,0x00000000eb500000,0x00000000eb500000)
  from space 1024K, 92% used [0x00000000eb500000,0x00000000eb5ed200,0x00000000eb600000)
  to   space 1024K, 0% used [0x00000000eb600000,0x00000000eb600000,0x00000000eb700000)
 ParOldGen       total 109056K, used 92116K [0x00000000c0000000, 0x00000000c6a80000, 0x00000000eab00000)
  object space 109056K, 84% used [0x00000000c0000000,0x00000000c59f50d0,0x00000000c6a80000)
 Metaspace       used 70977K, capacity 74547K, committed 74904K, reserved 1116160K
  class space    used 6852K, capacity 8151K, committed 8192K, reserved 1048576K
}
Event: 4655.346 GC heap after
{Heap after GC invocations=465 (full 10):
 PSYoungGen      total 11264K, used 564K [0x00000000eab00000, 0x00000000eb700000, 0x0000000100000000)
  eden space 10240K, 0% used [0x00000000eab00000,0x00000000eab00000,0x00000000eb500000)
  from space 1024K, 55% used [0x00000000eb600000,0x00000000eb68d200,0x00000000eb700000)
  to   space 1024K, 0% used [0x00000000eb500000,0x00000000eb500000,0x00000000eb600000)
 ParOldGen       total 109056K, used 92409K [0x00000000c0000000, 0x00000000c6a80000, 0x00000000eab00000)
  object space 109056K, 84% used [0x00000000c0000000,0x00000000c5a3e5d0,0x00000000c6a80000)
 Metaspace       used 70977K, capacity 74547K, committed 74904K, reserved 1116160K
  class space    used 6852K, capacity 8151K, committed 8192K, reserved 1048576K
}
Event: 4655.384 GC heap before
{Heap before GC invocations=466 (full 10):
 PSYoungGen      total 11264K, used 10804K [0x00000000eab00000, 0x00000000eb700000, 0x0000000100000000)
  eden space 10240K, 100% used [0x00000000eab00000,0x00000000eb500000,0x00000000eb500000)
  from space 1024K, 55% used [0x00000000eb600000,0x00000000eb68d200,0x00000000eb700000)
  to   space 1024K, 0% used [0x00000000eb500000,0x00000000eb500000,0x00000000eb600000)
 ParOldGen       total 109056K, used 92409K [0x00000000c0000000, 0x00000000c6a80000, 0x00000000eab00000)
  object space 109056K, 84% used [0x00000000c0000000,0x00000000c5a3e5d0,0x00000000c6a80000)
 Metaspace       used 70979K, capacity 74547K, committed 74904K, reserved 1116160K
  class space    used 6852K, capacity 8151K, committed 8192K, reserved 1048576K
}
Event: 4655.388 GC heap after
{Heap after GC invocations=466 (full 10):
 PSYoungGen      total 11264K, used 484K [0x00000000eab00000, 0x00000000eb700000, 0x0000000100000000)
  eden space 10240K, 0% used [0x00000000eab00000,0x00000000eab00000,0x00000000eb500000)
  from space 1024K, 47% used [0x00000000eb500000,0x00000000eb579210,0x00000000eb600000)
  to   space 1024K, 0% used [0x00000000eb600000,0x00000000eb600000,0x00000000eb700000)
 ParOldGen       total 109056K, used 92481K [0x00000000c0000000, 0x00000000c6a80000, 0x00000000eab00000)
  object space 109056K, 84% used [0x00000000c0000000,0x00000000c5a505d0,0x00000000c6a80000)
 Metaspace       used 70979K, capacity 74547K, committed 74904K, reserved 1116160K
  class space    used 6852K, capacity 8151K, committed 8192K, reserved 1048576K
}
Event: 4655.410 GC heap before
{Heap before GC invocations=467 (full 10):
 PSYoungGen      total 11264K, used 10724K [0x00000000eab00000, 0x00000000eb700000, 0x0000000100000000)
  eden space 10240K, 100% used [0x00000000eab00000,0x00000000eb500000,0x00000000eb500000)
  from space 1024K, 47% used [0x00000000eb500000,0x00000000eb579210,0x00000000eb600000)
  to   space 1024K, 0% used [0x00000000eb600000,0x00000000eb600000,0x00000000eb700000)
 ParOldGen       total 109056K, used 92481K [0x00000000c0000000, 0x00000000c6a80000, 0x00000000eab00000)
  object space 109056K, 84% used [0x00000000c0000000,0x00000000c5a505d0,0x00000000c6a80000)
 Metaspace       used 70995K, capacity 74547K, committed 74904K, reserved 1116160K
  class space    used 6852K, capacity 8151K, committed 8192K, reserved 1048576K
}
Event: 4655.413 GC heap after
{Heap after GC invocations=467 (full 10):
 PSYoungGen      total 10752K, used 192K [0x00000000eab00000, 0x00000000eb680000, 0x0000000100000000)
  eden space 10240K, 0% used [0x00000000eab00000,0x00000000eab00000,0x00000000eb500000)
  from space 512K, 37% used [0x00000000eb600000,0x00000000eb630000,0x00000000eb680000)
  to   space 512K, 0% used [0x00000000eb580000,0x00000000eb580000,0x00000000eb600000)
 ParOldGen       total 109056K, used 92694K [0x00000000c0000000, 0x00000000c6a80000, 0x00000000eab00000)
  object space 109056K, 84% used [0x00000000c0000000,0x00000000c5a85808,0x00000000c6a80000)
 Metaspace       used 70995K, capacity 74547K, committed 74904K, reserved 1116160K
  class space    used 6852K, capacity 8151K, committed 8192K, reserved 1048576K
}
Event: 4655.584 GC heap before
{Heap before GC invocations=468 (full 10):
 PSYoungGen      total 10752K, used 10432K [0x00000000eab00000, 0x00000000eb680000, 0x0000000100000000)
  eden space 10240K, 100% used [0x00000000eab00000,0x00000000eb500000,0x00000000eb500000)
  from space 512K, 37% used [0x00000000eb600000,0x00000000eb630000,0x00000000eb680000)
  to   space 512K, 0% used [0x00000000eb580000,0x00000000eb580000,0x00000000eb600000)
 ParOldGen       total 109056K, used 92694K [0x00000000c0000000, 0x00000000c6a80000, 0x00000000eab00000)
  object space 109056K, 84% used [0x00000000c0000000,0x00000000c5a85808,0x00000000c6a80000)
 Metaspace       used 71007K, capacity 74612K, committed 74904K, reserved 1116160K
  class space    used 6852K, capacity 8151K, committed 8192K, reserved 1048576K
}
Event: 4655.590 GC heap after
{Heap after GC invocations=468 (full 10):
 PSYoungGen      total 10752K, used 506K [0x00000000eab00000, 0x00000000eb800000, 0x0000000100000000)
  eden space 10240K, 0% used [0x00000000eab00000,0x00000000eab00000,0x00000000eb500000)
  from space 512K, 98% used [0x00000000eb580000,0x00000000eb5fe900,0x00000000eb600000)
  to   space 1536K, 0% used [0x00000000eb680000,0x00000000eb680000,0x00000000eb800000)
 ParOldGen       total 109056K, used 93443K [0x00000000c0000000, 0x00000000c6a80000, 0x00000000eab00000)
  object space 109056K, 85% used [0x00000000c0000000,0x00000000c5b40fc8,0x00000000c6a80000)
 Metaspace       used 71007K, capacity 74612K, committed 74904K, reserved 1116160K
  class space    used 6852K, capacity 8151K, committed 8192K, reserved 1048576K
}
Event: 4655.615 GC heap before
{Heap before GC invocations=469 (full 10):
 PSYoungGen      total 10752K, used 10746K [0x00000000eab00000, 0x00000000eb800000, 0x0000000100000000)
  eden space 10240K, 100% used [0x00000000eab00000,0x00000000eb500000,0x00000000eb500000)
  from space 512K, 98% used [0x00000000eb580000,0x00000000eb5fe900,0x00000000eb600000)
  to   space 1536K, 0% used [0x00000000eb680000,0x00000000eb680000,0x00000000eb800000)
 ParOldGen       total 109056K, used 93443K [0x00000000c0000000, 0x00000000c6a80000, 0x00000000eab00000)
  object space 109056K, 85% used [0x00000000c0000000,0x00000000c5b40fc8,0x00000000c6a80000)
 Metaspace       used 71010K, capacity 74612K, committed 74904K, reserved 1116160K
  class space    used 6852K, capacity 8151K, committed 8192K, reserved 1048576K
}
Event: 4655.618 GC heap after
{Heap after GC invocations=469 (full 10):
 PSYoungGen      total 11264K, used 640K [0x00000000eab00000, 0x00000000eb780000, 0x0000000100000000)
  eden space 10240K, 0% used [0x00000000eab00000,0x00000000eab00000,0x00000000eb500000)
  from space 1024K, 62% used [0x00000000eb680000,0x00000000eb720000,0x00000000eb780000)
  to   space 1024K, 0% used [0x00000000eb580000,0x00000000eb580000,0x00000000eb680000)
 ParOldGen       total 109056K, used 93949K [0x00000000c0000000, 0x00000000c6a80000, 0x00000000eab00000)
  object space 109056K, 86% used [0x00000000c0000000,0x00000000c5bbf5f8,0x00000000c6a80000)
 Metaspace       used 71010K, capacity 74612K, committed 74904K, reserved 1116160K
  class space    used 6852K, capacity 8151K, committed 8192K, reserved 1048576K
}
Event: 4655.646 GC heap before
{Heap before GC invocations=470 (full 10):
 PSYoungGen      total 11264K, used 10880K [0x00000000eab00000, 0x00000000eb780000, 0x0000000100000000)
  eden space 10240K, 100% used [0x00000000eab00000,0x00000000eb500000,0x00000000eb500000)
  from space 1024K, 62% used [0x00000000eb680000,0x00000000eb720000,0x00000000eb780000)
  to   space 1024K, 0% used [0x00000000eb580000,0x00000000eb580000,0x00000000eb680000)
 ParOldGen       total 109056K, used 93949K [0x00000000c0000000, 0x00000000c6a80000, 0x00000000eab00000)
  object space 109056K, 86% used [0x00000000c0000000,0x00000000c5bbf5f8,0x00000000c6a80000)
 Metaspace       used 71014K, capacity 74612K, committed 74904K, reserved 1116160K
  class space    used 6852K, capacity 8151K, committed 8192K, reserved 1048576K
}
Event: 4655.650 GC heap after
{Heap after GC invocations=470 (full 10):
 PSYoungGen      total 11264K, used 1012K [0x00000000eab00000, 0x00000000eb900000, 0x0000000100000000)
  eden space 10240K, 0% used [0x00000000eab00000,0x00000000eab00000,0x00000000eb500000)
  from space 1024K, 98% used [0x00000000eb580000,0x00000000eb67d200,0x00000000eb680000)
  to   space 2048K, 0% used [0x00000000eb700000,0x00000000eb700000,0x00000000eb900000)
 ParOldGen       total 109056K, used 94573K [0x00000000c0000000, 0x00000000c6a80000, 0x00000000eab00000)
  object space 109056K, 86% used [0x00000000c0000000,0x00000000c5c5b5f8,0x00000000c6a80000)
 Metaspace       used 71014K, capacity 74612K, committed 74904K, reserved 1116160K
  class space    used 6852K, capacity 8151K, committed 8192K, reserved 1048576K
}
Event: 4866.849 GC heap before
{Heap before GC invocations=471 (full 10):
 PSYoungGen      total 11264K, used 11252K [0x00000000eab00000, 0x00000000eb900000, 0x0000000100000000)
  eden space 10240K, 100% used [0x00000000eab00000,0x00000000eb500000,0x00000000eb500000)
  from space 1024K, 98% used [0x00000000eb580000,0x00000000eb67d200,0x00000000eb680000)
  to   space 2048K, 0% used [0x00000000eb700000,0x00000000eb700000,0x00000000eb900000)
 ParOldGen       total 109056K, used 94573K [0x00000000c0000000, 0x00000000c6a80000, 0x00000000eab00000)
  object space 109056K, 86% used [0x00000000c0000000,0x00000000c5c5b5f8,0x00000000c6a80000)
 Metaspace       used 71040K, capacity 74612K, committed 74904K, reserved 1116160K
  class space    used 6852K, capacity 8151K, committed 8192K, reserved 1048576K
}
Event: 4866.854 GC heap after
{Heap after GC invocations=471 (full 10):
 PSYoungGen      total 9728K, used 2027K [0x00000000eab00000, 0x00000000ebe00000, 0x0000000100000000)
  eden space 7680K, 0% used [0x00000000eab00000,0x00000000eab00000,0x00000000eb280000)
  from space 2048K, 99% used [0x00000000eb700000,0x00000000eb8faf30,0x00000000eb900000)
  to   space 4608K, 0% used [0x00000000eb280000,0x00000000eb280000,0x00000000eb700000)
 ParOldGen       total 109056K, used 96592K [0x00000000c0000000, 0x00000000c6a80000, 0x00000000eab00000)
  object space 109056K, 88% used [0x00000000c0000000,0x00000000c5e54070,0x00000000c6a80000)
 Metaspace       used 71040K, capacity 74612K, committed 74904K, reserved 1116160K
  class space    used 6852K, capacity 8151K, committed 8192K, reserved 1048576K
}

